Company: ADANIGREEN
Year: Mar 2024
Calculated ROCE: 11.49
Source ROCE: 96.5
Difference: 85.01
Category: Version Difference
----------------------------------------
Company: AMBUJACEM
Year: Mar 2024
Calculated ROCE: 18.51
Source ROCE: 12.8
Difference: 5.71
Category: Data Source Issue
----------------------------------------
Company: BAJAJFINSV
Year: Mar 2024
Calculated ROCE: 11.71
Source ROCE: 21.14
Difference: 9.43
Category: Formula Discrepancy
----------------------------------------
Company: BAJFINANCE
Year: Mar 2024
Calculated ROCE: 4.36
Source ROCE: 11.9
Difference: 7.54
Category: Data Source Issue
----------------------------------------
Company: BEL
Year: Mar 2024
Calculated ROCE: 4504.72
Source ROCE: 34.6
Difference: 4470.12
Category: Version Difference
----------------------------------------
Company: BHARTIARTL
Year: Mar 2024
Calculated ROCE: 25.1
Source ROCE: 13.1
Difference: 12.0
Category: Formula Discrepancy
----------------------------------------
Company: BOSCHLTD
Year: Mar 2024
Calculated ROCE: 30.25
Source ROCE: 20.6
Difference: 9.65
Category: Formula Discrepancy
----------------------------------------
Company: BRITANNIA
Year: Mar 2024
Calculated ROCE: 56.24
Source ROCE: 48.9
Difference: 7.34
Category: Data Source Issue
----------------------------------------
Company: CHOLAFIN
Year: Mar 2024
Calculated ROCE: 3.51
Source ROCE: 10.4
Difference: 6.89
Category: Data Source Issue
----------------------------------------
Company: CIPLA
Year: Mar 2024
Calculated ROCE: 71.55
Source ROCE: 22.8
Difference: 48.75
Category: Version Difference
----------------------------------------
Company: COALINDIA
Year: Mar 2024
Calculated ROCE: 105.75
Source ROCE: 63.6
Difference: 42.15
Category: Version Difference
----------------------------------------
Company: GODREJCP
Year: Mar 2024
Calculated ROCE: 4.73
Source ROCE: 26.49
Difference: 21.76
Category: Version Difference
----------------------------------------
Company: HAL
Year: Mar 2024
Calculated ROCE: 3617.39
Source ROCE: 38.9
Difference: 3578.49
Category: Version Difference
----------------------------------------
Company: HCLTECH
Year: Mar 2024
Calculated ROCE: 34.71
Source ROCE: 29.6
Difference: 5.11
Category: Data Source Issue
----------------------------------------
Company: HDFCLIFE
Year: Mar 2024
Calculated ROCE: 646.47
Source ROCE: 6.61
Difference: 639.86
Category: Version Difference
----------------------------------------
Company: HEROMOTOCO
Year: Mar 2024
Calculated ROCE: 177.92
Source ROCE: 29.1
Difference: 148.82
Category: Version Difference
----------------------------------------
Company: HINDALCO
Year: Mar 2024
Calculated ROCE: 118.21
Source ROCE: 11.3
Difference: 106.91
Category: Version Difference
----------------------------------------
Company: HINDUNILVR
Year: Mar 2024
Calculated ROCE: 89.68
Source ROCE: 27.2
Difference: 62.48
Category: Version Difference
----------------------------------------
Company: ICICIGI
Year: Mar 2024
Calculated ROCE: 146.43
Source ROCE: 22.5
Difference: 123.93
Category: Version Difference
----------------------------------------
Company: ICICIPRULI
Year: Mar 2024
Calculated ROCE: 754.89
Source ROCE: 8.75
Difference: 746.14
Category: Version Difference
----------------------------------------
Company: INDIGO
Year: Mar 2024
Calculated ROCE: 5643.45
Source ROCE: 24.5
Difference: 5618.95
Category: Version Difference
----------------------------------------
Company: IRCTC
Year: Mar 2024
Calculated ROCE: 47.78
Source ROCE: 53.8
Difference: 6.02
Category: Data Source Issue
----------------------------------------
Company: LICI
Year: Mar 2024
Calculated ROCE: 57.53
Source ROCE: 63.79
Difference: 6.26
Category: Data Source Issue
----------------------------------------
Company: LT
Year: Mar 2024
Calculated ROCE: 152.62
Source ROCE: 17.18
Difference: 135.44
Category: Version Difference
----------------------------------------
Company: M&M
Year: Mar 2024
Calculated ROCE: 16.12
Source ROCE: 26.98
Difference: 10.86
Category: Formula Discrepancy
----------------------------------------
Company: MOTHERSON
Year: Mar 2024
Calculated ROCE: 20.54
Source ROCE: 13.7
Difference: 6.84
Category: Data Source Issue
----------------------------------------
Company: NESTLEIND
Year: Mar 2024
Calculated ROCE: 162.06
Source ROCE: 185.43
Difference: 23.37
Category: Version Difference
----------------------------------------
Company: PFC
Year: Mar 2024
Calculated ROCE: 3.49
Source ROCE: 9.96
Difference: 6.47
Category: Data Source Issue
----------------------------------------
Company: POWERGRID
Year: Mar 2024
Calculated ROCE: 19.17
Source ROCE: 13.2
Difference: 5.97
Category: Data Source Issue
----------------------------------------
Company: SHREECEM
Year: Mar 2024
Calculated ROCE: 22.88
Source ROCE: 14.8
Difference: 8.08
Category: Formula Discrepancy
----------------------------------------
Company: SHRIRAMFIN
Year: Mar 2024
Calculated ROCE: 4.32
Source ROCE: 11.3
Difference: 6.98
Category: Data Source Issue
----------------------------------------
Company: TATAMOTORS
Year: Mar 2024
Calculated ROCE: 33.93
Source ROCE: 20.1
Difference: 13.83
Category: Formula Discrepancy
----------------------------------------
Company: TATAPOWER
Year: Mar 2024
Calculated ROCE: 16.45
Source ROCE: 11.1
Difference: 5.35
Category: Data Source Issue
----------------------------------------
Company: TECHM
Year: Mar 2024
Calculated ROCE: 18.6
Source ROCE: 11.9
Difference: 6.7
Category: Data Source Issue
----------------------------------------
Company: TORNTPHARM
Year: Mar 2024
Calculated ROCE: 32.3
Source ROCE: 23.2
Difference: 9.1
Category: Formula Discrepancy
----------------------------------------
Company: TRENT
Year: Mar 2024
Calculated ROCE: 50.85
Source ROCE: 23.8
Difference: 27.05
Category: Version Difference
----------------------------------------

========== ROE CHECK ==========
Company: ADANIENT
Year: Mar 2024
Calculated ROE: 8.53
Source ROE: 13.64
Difference: 5.11
Category: Data Source Issue
----------------------------------------

========== ROE CHECK ==========
Company: ADANIPOWER
Year: Mar 2024
Calculated ROE: 48.28
Source ROE: 57.1
Difference: 8.82
Category: Formula Discrepancy
----------------------------------------

========== ROE CHECK ==========
Company: BAJAJFINSV
Year: Mar 2024
Calculated ROE: 25.85
Source ROE: 11.72
Difference: 14.13
Category: Formula Discrepancy
----------------------------------------

========== ROE CHECK ==========
Company: BEL
Year: Mar 2024
Calculated ROE: 4744.05
Source ROE: 26.3
Difference: 4717.75
Category: Version Difference
----------------------------------------

========== ROE CHECK ==========
Company: BPCL
Year: Mar 2024
Calculated ROE: 35.51
Source ROE: 41.9
Difference: 6.39
Category: Data Source Issue
----------------------------------------

========== ROE CHECK ==========
Company: COALINDIA
Year: Mar 2024
Calculated ROE: 45.17
Source ROE: 52.0
Difference: 6.83
Category: Data Source Issue
----------------------------------------

========== ROE CHECK ==========
Company: GODREJCP
Year: Mar 2024
Calculated ROE: -4.45
Source ROE: 6.77
Difference: 11.22
Category: Formula Discrepancy
----------------------------------------

========== ROE CHECK ==========
Company: HAL
Year: Mar 2024
Calculated ROE: 3816.58
Source ROE: 28.9
Difference: 3787.68
Category: Version Difference
----------------------------------------

========== ROE CHECK ==========
Company: IRCTC
Year: Mar 2024
Calculated ROE: 34.4
Source ROE: 40.4
Difference: 6.0
Category: Data Source Issue
----------------------------------------

========== ROE CHECK ==========
Company: LICI
Year: Mar 2024
Calculated ROE: 49.45
Source ROE: 63.61
Difference: 14.16
Category: Formula Discrepancy
----------------------------------------

========== ROE CHECK ==========
Company: LT
Year: Mar 2024
Calculated ROE: 77.67
Source ROE: 10.49
Difference: 67.18
Category: Version Difference
----------------------------------------

========== ROE CHECK ==========
Company: NESTLEIND
Year: Mar 2024
Calculated ROE: 117.75
Source ROE: 135.61
Difference: 17.86
Category: Version Difference
----------------------------------------

========== ROE CHECK ==========
Company: PFC
Year: Mar 2024
Calculated ROE: 26.16
Source ROE: 19.49
Difference: 6.67
Category: Data Source Issue
----------------------------------------

========== ROE CHECK ==========
Company: PNB
Year: Mar 2024
Calculated ROE: 61.32
Source ROE: 8.7
Difference: 52.62
Category: Version Difference
----------------------------------------

========== ROE CHECK ==========
Company: TATAMOTORS
Year: Mar 2024
Calculated ROE: 37.46
Source ROE: 49.4
Difference: 11.94
Category: Formula Discrepancy
----------------------------------------

========== ROE CHECK ==========
Company: TATASTEEL
Year: Mar 2024
Calculated ROE: -5.33
Source ROE: 6.55
Difference: 11.88
Category: Formula Discrepancy
----------------------------------------

========== ROE CHECK ==========
Company: TCS
Year: Mar 2024
Calculated ROE: 50.94
Source ROE: 0.52
Difference: 50.42
Category: Source Value Anomaly
----------------------------------------

========== ROE CHECK ==========
Company: TRENT
Year: Mar 2024
Calculated ROE: 36.31
Source ROE: 27.2
Difference: 9.11
Category: Formula Discrepancy
----------------------------------------
